0.011406 35
0.000408 53
3.352444 1
0.233155 1
0.074533 1
0.221948 4
0.128921 4
0.084906 1
0.101166 1
0.117108 1
0.074439 1
0.090281 1
0.095756 1
0.132125 1
0.091335 2
0.007006 105
0.000084 53
1.796383 1
0.175171 1
0.107092 1
0.229399 1
0.262591 1
0.235272 1
0.176345 1
0.149315 1
0.111978 1
0.469296 2
0.002166 35
0.000078 53
2.396481 1
0.101912 1
0.117012 1
0.126334 1
0.111780 1
0.095952 1
0.101005 1
0.214222 1
0.106306 1
0.138279 1
0.107243 2
0.003125 21
0.000012 25
0.000005 2
0.000005 28
0.000015 72
0.000032 72
0.000009 75
0.000005 2
0.000302 35
0.000036 53
0.689107 1
0.127475 1
0.142300 1
0.169520 1
0.110665 1
0.069631 1
0.095138 1
0.120809 1
0.105927 1
0.111692 1
1.564345 1
0.247486 1
0.285995 1
0.485766 1
0.505974 1
0.341929 4
0.306501 1
0.460132 1
0.381123 1
0.171001 1
0.136743 1
0.076497 1
0.159152 1
0.105933 1
0.087100 1
0.105414 1
0.057770 1
0.063109 1
0.155186 1
0.110670 1
0.101003 1
0.208230 1
0.726463 2
0.003944 48
0.000166 65
0.000006 34
0.000005 35
0.000011 30
0.000284 35
0.000085 53
7.936572 1
0.140325 1
0.122492 1
0.138218 1
0.143231 1
0.069030 1
0.095399 1
0.133109 1
0.095474 1
0.081146 1
0.382161 2
0.001537 35
0.000082 53
1.742637 1
0.141245 1
0.096670 1
0.233990 1
0.067856 1
0.091037 1
0.079239 1
0.062452 1
0.059640 1
0.105491 1
19.501826 1
0.060528 1
0.148521 1
0.178329 1
0.079841 1
0.079694 1
0.097077 1
0.100835 1
0.110550 1
0.063830 1
0.079683 1
0.100511 1
0.473809 42
0.892855 2
0.004606 35
0.000112 53
0.888963 1
0.231184 1
0.046136 1
0.384930 4
0.145624 4
0.079659 1
0.079648 1
0.136716 1
0.069334 1
0.079519 1
0.053227 1
0.079785 1
0.042488 1
0.106368 1
0.317077 2
0.001529 8
0.000141 88
4.712496 1
0.101903 1
0.137301 1
0.158607 1
0.127646 1
0.145103 1
0.090837 1
0.121840 1
0.193177 1
0.225870 1
0.264615 1
2.021163 1
0.192228 1
0.101243 1
0.116737 1
0.161027 1
0.038576 1
0.093949 1
0.536713 1
0.148625 1
0.048127 1
0.140879 1
0.122799 1
0.105391 1
0.111639 1
6.330925 2
0.997910 113
0.000834 522
0.000007 35
0.000015 53
7.671253 6
